2025-11-17 11:53:50.186 [http-nio-8082-exec-1] INFO  c.c.c.service.AuthenticationService - Intento de registro para email: maria.lopez@cuido.com, Rol: PACIENTE
2025-11-17 11:53:50.789 [http-nio-8082-exec-1] INFO  c.c.c.service.AuthenticationService - Usuario registrado exitosamente - ID: 1, Email: maria.lopez@cuido.com, Rol: PACIENTE
2025-11-17 11:53:57.944 [http-nio-8082-exec-1] INFO  c.c.c.service.AuthenticationService - Email de bienvenida enviado a: maria.lopez@cuido.com
2025-11-17 11:54:41.096 [http-nio-8082-exec-2] INFO  c.c.c.service.AuthenticationService - Intento de registro para email: ramikalinoski@gmail.com, Rol: CUIDADOR
2025-11-17 11:54:41.254 [http-nio-8082-exec-2] INFO  c.c.c.service.AuthenticationService - Usuario registrado exitosamente - ID: 2, Email: ramikalinoski@gmail.com, Rol: CUIDADOR
2025-11-17 11:54:48.930 [http-nio-8082-exec-2] INFO  c.c.c.service.AuthenticationService - Email de bienvenida enviado a: ramikalinoski@gmail.com
2025-11-17 11:55:00.097 [http-nio-8082-exec-3] INFO  c.c.c.service.AuthenticationService - Intento de registro para email: ramikalinoski@gmail.com, Rol: PACIENTE
2025-11-17 11:55:00.106 [http-nio-8082-exec-3] WARN  c.c.c.service.AuthenticationService - Intento de registro con email ya existente: ramikalinoski@gmail.com
2025-11-17 19:33:10.491 [http-nio-8082-exec-1] INFO  c.c.c.service.AuthenticationService - Intento de registro para email: valeriamelisaromero@hotmail.com, Rol: PACIENTE
2025-11-17 19:33:11.152 [http-nio-8082-exec-1] INFO  c.c.c.service.AuthenticationService - Usuario registrado exitosamente - ID: 1, Email: valeriamelisaromero@hotmail.com, Rol: PACIENTE
2025-11-17 19:33:11.178 [http-nio-8082-exec-1] INFO  c.c.c.service.AuthenticationService - Registro de paciente creado exitosamente para usuario ID: 1
2025-11-17 19:33:15.341 [http-nio-8082-exec-1] INFO  c.c.c.service.AuthenticationService - Email de bienvenida enviado a: valeriamelisaromero@hotmail.com
2025-11-17 19:34:08.974 [http-nio-8082-exec-2] INFO  c.c.c.service.AuthenticationService - Intento de registro para email: valeriamelisaromero@hotmail.com, Rol: CUIDADOR
2025-11-17 19:34:09.013 [http-nio-8082-exec-2] WARN  c.c.c.service.AuthenticationService - Intento de registro con email ya existente: valeriamelisaromero@hotmail.com
2025-11-17 19:34:12.888 [http-nio-8082-exec-3] INFO  c.c.c.service.AuthenticationService - Intento de registro para email: ramikalinoski@gmail.com, Rol: CUIDADOR
2025-11-17 19:34:12.982 [http-nio-8082-exec-3] INFO  c.c.c.service.AuthenticationService - Usuario registrado exitosamente - ID: 2, Email: ramikalinoski@gmail.com, Rol: CUIDADOR
2025-11-17 19:34:16.208 [http-nio-8082-exec-3] INFO  c.c.c.service.AuthenticationService - Email de bienvenida enviado a: ramikalinoski@gmail.com
2025-11-17 19:36:26.352 [http-nio-8082-exec-6] INFO  c.c.c.service.AuthenticationService - Intento de autenticación para email: valeriamelisaromero@hotmail.com
2025-11-17 19:36:26.981 [http-nio-8082-exec-6] INFO  c.c.c.service.AuthenticationService - Autenticación exitosa para usuario ID: 1, Rol: PACIENTE
2025-11-17 19:36:39.162 [http-nio-8082-exec-7] INFO  c.c.c.service.AuthenticationService - Intento de autenticación para email: ramikalinoski@gmail.com
2025-11-17 19:36:39.263 [http-nio-8082-exec-7] INFO  c.c.c.service.AuthenticationService - Autenticación exitosa para usuario ID: 2, Rol: CUIDADOR
2025-11-17 19:36:44.137 [http-nio-8082-exec-8] INFO  c.c.c.service.PasswordResetService - Solicitud de recuperación de contraseña para email: ramikalinoski@gmail.com
2025-11-17 19:36:45.117 [http-nio-8082-exec-8] INFO  c.c.c.service.PasswordResetService - Código OTP generado exitosamente para usuario ID: 2
2025-11-17 19:36:48.579 [http-nio-8082-exec-8] INFO  c.c.c.service.PasswordResetService - Email de recuperación enviado exitosamente a: ramikalinoski@gmail.com
2025-11-17 19:37:04.796 [http-nio-8082-exec-9] INFO  c.c.c.service.PasswordResetService - Intento de reseteo de contraseña con código OTP
2025-11-17 19:37:04.960 [http-nio-8082-exec-9] INFO  c.c.c.service.PasswordResetService - Contraseña actualizada exitosamente para usuario ID: 2
2025-11-17 19:37:07.623 [http-nio-8082-exec-9] INFO  c.c.c.service.PasswordResetService - Email de confirmación de cambio de contraseña enviado a: ramikalinoski@gmail.com
2025-11-17 19:37:13.840 [http-nio-8082-exec-10] INFO  c.c.c.service.AuthenticationService - Intento de autenticación para email: ramikalinoski@gmail.com
2025-11-17 19:37:13.920 [http-nio-8082-exec-10] INFO  c.c.c.service.AuthenticationService - Autenticación exitosa para usuario ID: 2, Rol: CUIDADOR
2025-11-17 19:57:10.700 [http-nio-8082-exec-3] INFO  c.c.c.service.AuthenticationService - Intento de autenticación para email: valeriamelisaromero@hotmail.com
2025-11-17 19:57:10.797 [http-nio-8082-exec-3] WARN  c.c.c.service.AuthenticationService - Fallo de autenticación para email: valeriamelisaromero@hotmail.com
2025-11-17 19:59:05.556 [http-nio-8082-exec-6] INFO  c.c.c.service.PasswordResetService - Solicitud de recuperación de contraseña para email: valeriamelisaromero@hotmail.com
2025-11-17 19:59:05.798 [http-nio-8082-exec-6] WARN  c.c.c.service.PasswordResetService - SECURITY: Intento de recuperación para email no registrado (respuesta genérica enviada): valeriamelisaromero@hotmail.com
2025-11-17 20:00:00.528 [scheduling-1] INFO  c.c.c.service.PasswordResetService - Limpieza automática ejecutada: Tokens OTP expirados eliminados
2025-11-17 20:00:08.005 [http-nio-8082-exec-8] INFO  c.c.c.service.PasswordResetService - Solicitud de recuperación de contraseña para email: valeriamelisaromero@hotmail.com
2025-11-17 20:00:08.011 [http-nio-8082-exec-8] WARN  c.c.c.service.PasswordResetService - SECURITY: Intento de recuperación para email no registrado (respuesta genérica enviada): valeriamelisaromero@hotmail.com
2025-11-17 20:00:22.319 [http-nio-8082-exec-9] WARN  c.c.c.security.RateLimitInterceptor - SECURITY: Rate limit excedido - IP: 192.168.0.164, URI: /auth/forgot-password
2025-11-17 20:01:57.602 [http-nio-8082-exec-1] INFO  c.c.c.service.AuthenticationService - Intento de registro para email: valeriamelisaromero@hotmail.com, Rol: PACIENTE
2025-11-17 20:01:58.007 [http-nio-8082-exec-1] INFO  c.c.c.service.AuthenticationService - Usuario registrado exitosamente - ID: 1, Email: valeriamelisaromero@hotmail.com, Rol: PACIENTE
2025-11-17 20:01:58.021 [http-nio-8082-exec-1] INFO  c.c.c.service.AuthenticationService - Registro de paciente creado exitosamente para usuario ID: 1
2025-11-17 20:02:01.349 [http-nio-8082-exec-1] INFO  c.c.c.service.AuthenticationService - Email de bienvenida enviado a: valeriamelisaromero@hotmail.com
2025-11-17 20:02:10.812 [http-nio-8082-exec-2] INFO  c.c.c.service.AuthenticationService - Intento de autenticación para email: valeriamelisaromero@hotmail.com
2025-11-17 20:02:10.978 [http-nio-8082-exec-2] INFO  c.c.c.service.AuthenticationService - Autenticación exitosa para usuario ID: 1, Rol: PACIENTE
2025-11-17 20:05:29.066 [http-nio-8082-exec-9] INFO  c.c.c.service.PasswordResetService - Solicitud de recuperación de contraseña para email: valeriamelisaromero@hotmail.com
2025-11-17 20:05:29.074 [http-nio-8082-exec-9] WARN  c.c.c.service.PasswordResetService - SECURITY: Intento de recuperación para email no registrado (respuesta genérica enviada): valeriamelisaromero@hotmail.com
2025-11-17 20:06:27.332 [http-nio-8082-exec-10] INFO  c.c.c.service.AuthenticationService - Intento de registro para email: ramikalinoski@hotmail.com, Rol: CUIDADOR
2025-11-17 20:06:27.499 [http-nio-8082-exec-10] INFO  c.c.c.service.AuthenticationService - Usuario registrado exitosamente - ID: 2, Email: ramikalinoski@hotmail.com, Rol: CUIDADOR
2025-11-17 20:06:30.646 [http-nio-8082-exec-10] INFO  c.c.c.service.AuthenticationService - Email de bienvenida enviado a: ramikalinoski@hotmail.com
2025-11-17 20:06:38.313 [http-nio-8082-exec-1] INFO  c.c.c.service.AuthenticationService - Intento de registro para email: ramikalinoski@gmail.com, Rol: CUIDADOR
2025-11-17 20:06:38.408 [http-nio-8082-exec-1] INFO  c.c.c.service.AuthenticationService - Usuario registrado exitosamente - ID: 3, Email: ramikalinoski@gmail.com, Rol: CUIDADOR
2025-11-17 20:06:41.086 [http-nio-8082-exec-1] INFO  c.c.c.service.AuthenticationService - Email de bienvenida enviado a: ramikalinoski@gmail.com
2025-11-17 20:34:41.168 [http-nio-8082-exec-2] INFO  c.c.c.service.AuthenticationService - Intento de registro para email: valeriamelisaromero@hotmail.com, Rol: PACIENTE
2025-11-17 20:34:41.849 [http-nio-8082-exec-2] INFO  c.c.c.service.AuthenticationService - Usuario registrado exitosamente - ID: 1, Email: valeriamelisaromero@hotmail.com, Rol: PACIENTE
2025-11-17 20:34:41.882 [http-nio-8082-exec-2] INFO  c.c.c.service.AuthenticationService - Registro de paciente creado exitosamente para usuario ID: 1
2025-11-17 20:34:46.297 [http-nio-8082-exec-2] INFO  c.c.c.service.AuthenticationService - Email de bienvenida enviado a: valeriamelisaromero@hotmail.com
2025-11-17 20:34:56.126 [http-nio-8082-exec-1] INFO  c.c.c.service.AuthenticationService - Intento de autenticación para email: valeriamelisaromero@hotmail.com
2025-11-17 20:34:56.325 [http-nio-8082-exec-1] INFO  c.c.c.service.AuthenticationService - Autenticación exitosa para usuario ID: 1, Rol: PACIENTE
2025-11-17 20:37:59.168 [http-nio-8082-exec-9] INFO  c.c.c.service.AuthenticationService - Intento de registro para email: ramikalinoski@gmail.com, Rol: CUIDADOR
2025-11-17 20:37:59.285 [http-nio-8082-exec-9] INFO  c.c.c.service.AuthenticationService - Usuario registrado exitosamente - ID: 2, Email: ramikalinoski@gmail.com, Rol: CUIDADOR
2025-11-17 20:38:02.301 [http-nio-8082-exec-9] INFO  c.c.c.service.AuthenticationService - Email de bienvenida enviado a: ramikalinoski@gmail.com
2025-11-17 20:38:06.450 [http-nio-8082-exec-10] INFO  c.c.c.service.AuthenticationService - Intento de autenticación para email: ramikalinoski@gmail.com
2025-11-17 20:38:06.534 [http-nio-8082-exec-10] INFO  c.c.c.service.AuthenticationService - Autenticación exitosa para usuario ID: 2, Rol: CUIDADOR
2025-11-17 20:51:29.536 [http-nio-8082-exec-10] INFO  c.c.c.service.AuthenticationService - Intento de registro para email: ramikalinoski@gmail.com, Rol: CUIDADOR
2025-11-17 20:51:29.576 [http-nio-8082-exec-10] WARN  c.c.c.service.AuthenticationService - Intento de registro con email ya existente: ramikalinoski@gmail.com
2025-11-17 20:51:37.123 [http-nio-8082-exec-2] WARN  c.c.c.security.RateLimitInterceptor - SECURITY: Rate limit excedido - IP: 192.168.0.164, URI: /auth/register
2025-11-17 20:51:44.463 [http-nio-8082-exec-1] WARN  c.c.c.security.RateLimitInterceptor - SECURITY: Rate limit excedido - IP: 192.168.0.164, URI: /auth/register
2025-11-17 20:52:38.953 [http-nio-8082-exec-3] WARN  c.c.c.security.RateLimitInterceptor - SECURITY: Rate limit excedido - IP: 192.168.0.164, URI: /auth/register
2025-11-17 20:54:09.012 [http-nio-8082-exec-5] WARN  c.c.c.security.RateLimitInterceptor - SECURITY: Rate limit excedido - IP: 192.168.0.164, URI: /auth/register
2025-11-17 20:57:53.911 [http-nio-8082-exec-7] WARN  c.c.c.security.RateLimitInterceptor - SECURITY: Rate limit excedido - IP: 192.168.0.164, URI: /auth/register
2025-11-17 21:00:02.109 [scheduling-1] INFO  c.c.c.service.PasswordResetService - Limpieza automática ejecutada: Tokens OTP expirados eliminados
2025-11-17 21:01:28.804 [http-nio-8082-exec-1] INFO  c.c.c.service.AuthenticationService - Intento de registro para email: ramikalinoski@hotmail.com, Rol: CUIDADOR
2025-11-17 21:01:29.540 [http-nio-8082-exec-1] INFO  c.c.c.service.AuthenticationService - Usuario registrado exitosamente - ID: 3, Email: ramikalinoski@hotmail.com, Rol: CUIDADOR
2025-11-17 21:01:36.402 [http-nio-8082-exec-1] INFO  c.c.c.service.AuthenticationService - Email de bienvenida enviado a: ramikalinoski@hotmail.com
2025-11-17 21:02:12.279 [http-nio-8082-exec-2] INFO  c.c.c.service.AuthenticationService - Intento de autenticación para email: ramikalinoski@hotmail.com
2025-11-17 21:02:12.750 [http-nio-8082-exec-2] INFO  c.c.c.service.AuthenticationService - Autenticación exitosa para usuario ID: 3, Rol: CUIDADOR
2025-11-17 21:02:39.512 [http-nio-8082-exec-3] WARN  c.c.c.service.AuthorizationService - SECURITY: Usuario ID 3 (Rol: CUIDADOR) intentó acceder a datos del paciente ID 1 sin autorización
2025-11-17 21:05:10.765 [http-nio-8082-exec-10] WARN  c.c.c.s.JwtAuthenticationFilter - Error al procesar token JWT: JWT expired at 2025-11-18T00:04:56Z. Current time: 2025-11-18T00:05:10Z, a difference of 14741 milliseconds.  Allowed clock skew: 0 milliseconds.
2025-11-17 21:05:28.071 [http-nio-8082-exec-1] INFO  c.c.c.service.AuthenticationService - Intento de autenticación para email: valeriamelisaromero@hotmail.com
2025-11-17 21:05:28.304 [http-nio-8082-exec-1] INFO  c.c.c.service.AuthenticationService - Autenticación exitosa para usuario ID: 1, Rol: PACIENTE
2025-11-17 21:06:48.753 [http-nio-8082-exec-8] INFO  c.c.c.service.AuthenticationService - Intento de registro para email: ramikalinoski@bromail.com, Rol: CUIDADOR
2025-11-17 21:06:48.944 [http-nio-8082-exec-8] INFO  c.c.c.service.AuthenticationService - Usuario registrado exitosamente - ID: 4, Email: ramikalinoski@bromail.com, Rol: CUIDADOR
2025-11-17 21:06:54.634 [http-nio-8082-exec-8] INFO  c.c.c.service.AuthenticationService - Email de bienvenida enviado a: ramikalinoski@bromail.com
2025-11-17 21:07:19.886 [http-nio-8082-exec-9] INFO  c.c.c.service.AuthenticationService - Intento de autenticación para email: ramikalinoski@bromail.com
2025-11-17 21:07:20.072 [http-nio-8082-exec-9] INFO  c.c.c.service.AuthenticationService - Autenticación exitosa para usuario ID: 4, Rol: CUIDADOR
2025-11-17 21:07:27.936 [http-nio-8082-exec-10] WARN  c.c.c.service.AuthorizationService - SECURITY: Usuario ID 4 (Rol: CUIDADOR) intentó acceder a datos del paciente ID 1 sin autorización
2025-11-17 21:07:38.868 [http-nio-8082-exec-1] INFO  c.c.c.service.AuthenticationService - Intento de autenticación para email: ramikalinoski@gmail.com
2025-11-17 21:07:39.069 [http-nio-8082-exec-1] INFO  c.c.c.service.AuthenticationService - Autenticación exitosa para usuario ID: 2, Rol: CUIDADOR
2025-11-17 21:10:29.697 [http-nio-8082-exec-4] INFO  c.c.c.service.AuthenticationService - Intento de autenticación para email: ramikalinoski@gmail.com
2025-11-17 21:10:29.882 [http-nio-8082-exec-4] INFO  c.c.c.service.AuthenticationService - Autenticación exitosa para usuario ID: 2, Rol: CUIDADOR
2025-11-18 01:28:09.333 [http-nio-8082-exec-4] INFO  c.c.c.service.AuthenticationService - Intento de registro para email: valeriamelisaromero@hotmail.com, Rol: PACIENTE
2025-11-18 01:28:10.457 [http-nio-8082-exec-4] INFO  c.c.c.service.AuthenticationService - Usuario registrado exitosamente - ID: 1, Email: valeriamelisaromero@hotmail.com, Rol: PACIENTE
2025-11-18 01:28:10.493 [http-nio-8082-exec-4] INFO  c.c.c.service.AuthenticationService - Registro de paciente creado exitosamente para usuario ID: 1
2025-11-18 01:28:15.141 [http-nio-8082-exec-4] INFO  c.c.c.service.AuthenticationService - Email de bienvenida enviado a: valeriamelisaromero@hotmail.com
2025-11-18 12:50:29.244 [http-nio-8082-exec-1] INFO  c.c.c.service.AuthenticationService - Intento de autenticación para email: ramikalinoski@gmail.com
2025-11-18 12:50:30.101 [http-nio-8082-exec-1] INFO  c.c.c.service.AuthenticationService - Autenticación exitosa para usuario ID: 2, Rol: CUIDADOR
2025-11-18 12:58:15.004 [http-nio-8082-exec-7] INFO  c.c.c.service.AuthenticationService - Intento de autenticación para email: ramikalinoski@gmail.com
2025-11-18 12:58:15.245 [http-nio-8082-exec-7] INFO  c.c.c.service.AuthenticationService - Autenticación exitosa para usuario ID: 2, Rol: CUIDADOR
2025-11-18 13:00:00.558 [scheduling-1] INFO  c.c.c.service.PasswordResetService - Limpieza automática ejecutada: Tokens OTP expirados eliminados
2025-11-18 13:06:52.295 [http-nio-8082-exec-3] INFO  c.c.c.service.AuthenticationService - Intento de autenticación para email: ramikalinoski@gmail.com
2025-11-18 13:06:52.992 [http-nio-8082-exec-3] INFO  c.c.c.service.AuthenticationService - Autenticación exitosa para usuario ID: 2, Rol: CUIDADOR
2025-11-18 13:10:56.728 [http-nio-8082-exec-2] INFO  c.c.c.service.AuthenticationService - Intento de autenticación para email: ramikalinoski@gmail.com
2025-11-18 13:10:57.432 [http-nio-8082-exec-2] INFO  c.c.c.service.AuthenticationService - Autenticación exitosa para usuario ID: 2, Rol: CUIDADOR
2025-11-18 13:17:45.028 [http-nio-8082-exec-4] INFO  c.c.c.service.AuthenticationService - Intento de autenticación para email: ramikalinoski@gmail.com
2025-11-18 13:17:45.126 [http-nio-8082-exec-4] INFO  c.c.c.service.AuthenticationService - Autenticación exitosa para usuario ID: 2, Rol: CUIDADOR
2025-11-18 13:31:44.262 [http-nio-8082-exec-3] INFO  c.c.c.service.AuthenticationService - Intento de autenticación para email: ramikalinoski@gmail.com
2025-11-18 13:31:44.983 [http-nio-8082-exec-3] INFO  c.c.c.service.AuthenticationService - Autenticación exitosa para usuario ID: 2, Rol: CUIDADOR
2025-11-18 13:41:43.015 [http-nio-8082-exec-1] WARN  c.c.c.s.JwtAuthenticationFilter - Error al procesar token JWT: JWT expired at 2025-11-18T00:35:28Z. Current time: 2025-11-18T16:41:42Z, a difference of 57974898 milliseconds.  Allowed clock skew: 0 milliseconds.
2025-11-18 13:42:00.592 [http-nio-8082-exec-2] INFO  c.c.c.service.AuthenticationService - Intento de autenticación para email: valeriamelisaromero@hotmail.com
2025-11-18 13:42:00.889 [http-nio-8082-exec-2] INFO  c.c.c.service.AuthenticationService - Autenticación exitosa para usuario ID: 1, Rol: PACIENTE
2025-11-18 13:45:32.984 [http-nio-8082-exec-9] INFO  c.c.c.service.AuthenticationService - Intento de autenticación para email: ramikalinoski@gmail.com
2025-11-18 13:45:33.072 [http-nio-8082-exec-9] INFO  c.c.c.service.AuthenticationService - Autenticación exitosa para usuario ID: 2, Rol: CUIDADOR
2025-11-18 13:58:01.172 [http-nio-8082-exec-9] INFO  c.c.c.service.AuthenticationService - Intento de autenticación para email: ramikalinoski@gmail.com
2025-11-18 13:58:01.274 [http-nio-8082-exec-9] INFO  c.c.c.service.AuthenticationService - Autenticación exitosa para usuario ID: 2, Rol: CUIDADOR
2025-11-18 14:00:00.780 [scheduling-1] INFO  c.c.c.service.PasswordResetService - Limpieza automática ejecutada: Tokens OTP expirados eliminados
